<?xml version="1.0" encoding="UTF-8"?>
<!-- Generated by org.testng.reporters.JUnitXMLReporter -->
<testsuite ignored="0" hostname="DESKTOP-K2DT254" failures="0" tests="7" name="mytests" time="29.259" errors="0" timestamp="2024-09-20T16:14:21 IST">
  <testcase classname="test42NG.OrangeHRMTest1" name="openapp" time="23.991"/>
  <testcase classname="test42NG.OrangeHRMTest1" name="testlogo" time="3.056"/>
  <testcase classname="test42NG.OrangeHRMTest1" name="testlogin" time="1.516"/>
  <testcase classname="test42NG.OrangeHRMTest1" name="testlogout" time="0.598"/>
  <testcase classname="test42NG.FirstTestCase" name="openapp" time="0.002"/>
  <testcase classname="test42NG.FirstTestCase" name="login" time="0.003"/>
  <testcase classname="test42NG.FirstTestCase" name="logout" time="0.004"/>
</testsuite> <!-- mytests -->
