<?xml version="1.0" encoding="UTF-8"?>
<!-- Generated by org.testng.reporters.JUnitXMLReporter -->
<testsuite ignored="0" hostname="DESKTOP-K2DT254" failures="0" tests="8" name="groupingtests" time="0.052" errors="0" timestamp="2024-10-03T17:57:58 IST">
  <testcase classname="day44DependencyMethods.LoginTests" name="loginByEmail" time="0.006"/>
  <testcase classname="day44DependencyMethods.LoginTests" name="loginByFacebook" time="0.001"/>
  <testcase classname="day44DependencyMethods.LoginTests" name="loginByTwitter" time="0.001"/>
  <testcase classname="day44DependencyMethods.SignUpTests" name="signupByEmail" time="0.0"/>
  <testcase classname="day44DependencyMethods.SignUpTests" name="signupByFacebook" time="0.001"/>
  <testcase classname="day44DependencyMethods.SignUpTests" name="signupByTwitter" time="0.001"/>
  <testcase classname="day44DependencyMethods.PaymentTests" name="paymentinRupees" time="0.002"/>
  <testcase classname="day44DependencyMethods.PaymentTests" name="paymentinDollars" time="0.001"/>
</testsuite> <!-- groupingtests -->
