<?xml version="1.0" encoding="UTF-8"?>
<!-- Generated by org.testng.reporters.JUnitXMLReporter -->
<testsuite ignored="0" hostname="DESKTOP-K2DT254" failures="0" tests="3" name="ChromeTest" time="30.235" errors="0" timestamp="2024-10-07T17:27:30 IST">
  <testcase classname="day45dataprovider.ParamTest" name="testLogo" time="0.693"/>
  <testcase classname="day45dataprovider.ParamTest" name="testTitle" time="0.012"/>
  <testcase classname="day45dataprovider.ParamTest" name="testURL" time="0.007"/>
</testsuite> <!-- ChromeTest -->
