<?xml version="1.0" encoding="UTF-8"?>
<!-- Generated by org.testng.reporters.JUnitXMLReporter -->
<testsuite ignored="0" hostname="DESKTOP-K2DT254" failures="0" tests="3" name="EdgeTest" time="53.303" errors="0" timestamp="2024-10-07T17:27:53 IST">
  <testcase classname="day45dataprovider.ParamTest" name="testLogo" time="0.099"/>
  <testcase classname="day45dataprovider.ParamTest" name="testTitle" time="0.01"/>
  <testcase classname="day45dataprovider.ParamTest" name="testURL" time="0.008"/>
</testsuite> <!-- EdgeTest -->
