<?xml version="1.0" encoding="UTF-8"?>
<!-- Generated by org.testng.reporters.JUnitXMLReporter -->
<testsuite ignored="0" hostname="DESKTOP-K2DT254" failures="0" tests="3" name="FirefoxTest" time="93.619" errors="0" timestamp="2024-10-07T17:28:33 IST">
  <testcase classname="day45dataprovider.ParamTest" name="testLogo" time="0.634"/>
  <testcase classname="day45dataprovider.ParamTest" name="testTitle" time="0.007"/>
  <testcase classname="day45dataprovider.ParamTest" name="testURL" time="0.005"/>
</testsuite> <!-- FirefoxTest -->
